<?xml version="1.0" encoding="UTF-8"?>
<!-- Generated by org.testng.reporters.JUnitReportReporter -->
<testsuite hostname="DESKTOP-M40B6CT" failures="0" tests="1" name="com.obsqura.testscripts.ManagePagesTest" time="100.084" errors="0" timestamp="2023-08-14T01:43:05 IST" skipped="0">
  <testcase classname="com.obsqura.testscripts.ManagePagesTest" name="verifyThatTheTableDisplaysOnlyRowsWithTheMatchingTitleWhenUsingTheSearchFuncitonality" time="100.084"/>
  <system-out/>
</testsuite> <!-- com.obsqura.testscripts.ManagePagesTest -->
