<?xml version="1.0" encoding="UTF-8"?>
<!-- Generated by org.testng.reporters.JUnitReportReporter -->
<testsuite hostname="DESKTOP-M40B6CT" failures="0" tests="1" name="com.obsqura.testscripts.PushNotificationTest" time="90.549" errors="0" timestamp="2023-08-16T16:20:42 IST" skipped="0">
  <testcase classname="com.obsqura.testscripts.PushNotificationTest" name="verifyUserIsAbleToSendNotifications" time="90.549"/>
  <system-out/>
</testsuite> <!-- com.obsqura.testscripts.PushNotificationTest -->
