<?xml version="1.0" encoding="UTF-8"?>
<!-- Generated by org.testng.reporters.JUnitReportReporter -->
<testsuite hostname="DESKTOP-M40B6CT" failures="0" tests="1" name="com.obsqura.testscripts.ManageLocationTest" time="95.113" errors="0" timestamp="2023-08-15T19:02:26 IST" skipped="0">
  <testcase classname="com.obsqura.testscripts.ManageLocationTest" name="verifyUserAbleToAddLocationInformation" time="95.113"/>
  <system-out/>
</testsuite> <!-- com.obsqura.testscripts.ManageLocationTest -->
