<?xml version="1.0" encoding="UTF-8"?>
<!-- Generated by org.testng.reporters.JUnitReportReporter -->
<testsuite hostname="DESKTOP-M40B6CT" failures="0" tests="1" name="com.obsqura.testscripts.LoginTest" time="99.707" errors="0" timestamp="2023-08-15T17:00:36 IST" skipped="0">
  <testcase classname="com.obsqura.testscripts.LoginTest" name="verifyUserUnableToLoginValidUserNameInvalidPassword" time="99.707"/>
  <system-out/>
</testsuite> <!-- com.obsqura.testscripts.LoginTest -->
