<?xml version="1.0" encoding="UTF-8"?>
<!-- Generated by org.testng.reporters.JUnitReportReporter -->
<testsuite hostname="DESKTOP-M40B6CT" failures="0" tests="1" name="com.obsqura.testscripts.ManagePaymentMethodsTest" time="104.229" errors="0" timestamp="2023-08-14T07:08:53 IST" skipped="0">
  <testcase classname="com.obsqura.testscripts.ManagePaymentMethodsTest" name="verifyUserAbleToUpdatePayLimit" time="104.229"/>
  <system-out/>
</testsuite> <!-- com.obsqura.testscripts.ManagePaymentMethodsTest -->
