<?xml version="1.0" encoding="UTF-8"?>
<!-- Generated by org.testng.reporters.JUnitReportReporter -->
<testsuite hostname="DESKTOP-M40B6CT" failures="0" tests="1" name="com.obsqura.testscripts.AdminUsersTest" time="94.226" errors="0" timestamp="2023-08-15T18:26:28 IST" skipped="0">
  <testcase classname="com.obsqura.testscripts.AdminUsersTest" name="Verify_AdminUsersAlreadyExist" time="94.226"/>
  <system-out/>
</testsuite> <!-- com.obsqura.testscripts.AdminUsersTest -->
