<?xml version="1.0" encoding="UTF-8"?>
<!-- Generated by org.testng.reporters.JUnitReportReporter -->
<testsuite hostname="DESKTOP-M40B6CT" failures="0" tests="3" name="com.obsqura.testscripts.FileUploadTest" time="296.158" errors="1" timestamp="2023-08-15T17:44:49 IST" skipped="2">
  <testcase classname="com.obsqura.testscripts.FileUploadTest" name="verifyTheUseIsAbleToUpladTheImage" time="97.160">
    <skipped/>
  </testcase> <!-- verifyTheUseIsAbleToUpladTheImage -->
  <system-out/>
  <testcase classname="com.obsqura.testscripts.FileUploadTest" name="verifyTheUseIsAbleToUpladTheImage" time="102.465">
    <error message="Cannot invoke &quot;utilities.FileUploadUtility.fileUploadUsingSendKeys(org.openqa.selenium.WebElement, String)&quot; because &quot;this.fileuploadutility&quot; is null" type="java.lang.NullPointerException">
      <![CDATA[java.lang.NullPointerException: Cannot invoke "utilities.FileUploadUtility.fileUploadUsingSendKeys(org.openqa.selenium.WebElement, String)" because "this.fileuploadutility" is null
at pages.FileUploadPage.uploadFile(FileUploadPage.java:36)
at com.obsqura.testscripts.FileUploadTest.verifyTheUseIsAbleToUpladTheImage(FileUploadTest.java:16)
at java.base/jdk.internal.reflect.NativeMethodAccessorImpl.invoke0(Native Method)
at java.base/jdk.internal.reflect.NativeMethodAccessorImpl.invoke(NativeMethodAccessorImpl.java:77)
at java.base/jdk.internal.reflect.DelegatingMethodAccessorImpl.invoke(DelegatingMethodAccessorImpl.java:43)
at java.base/java.lang.reflect.Method.invoke(Method.java:568)
at org.testng.internal.MethodInvocationHelper.invokeMethod(MethodInvocationHelper.java:133)
at org.testng.internal.TestInvoker.invokeMethod(TestInvoker.java:598)
at org.testng.internal.TestInvoker.retryFailed(TestInvoker.java:213)
at org.testng.internal.MethodRunner.runInSequence(MethodRunner.java:58)
at org.testng.internal.TestInvoker$MethodInvocationAgent.invoke(TestInvoker.java:824)
at org.testng.internal.TestInvoker.invokeTestMethods(TestInvoker.java:146)
at org.testng.internal.TestMethodWorker.invokeTestMethods(TestMethodWorker.java:146)
at org.testng.internal.TestMethodWorker.run(TestMethodWorker.java:128)
at java.base/java.util.ArrayList.forEach(ArrayList.java:1511)
at org.testng.TestRunner.privateRun(TestRunner.java:794)
at org.testng.TestRunner.run(TestRunner.java:596)
at org.testng.SuiteRunner.runTest(SuiteRunner.java:377)
at org.testng.SuiteRunner.runSequentially(SuiteRunner.java:371)
at org.testng.SuiteRunner.privateRun(SuiteRunner.java:332)
at org.testng.SuiteRunner.run(SuiteRunner.java:276)
at org.testng.SuiteRunnerWorker.runSuite(SuiteRunnerWorker.java:53)
at org.testng.SuiteRunnerWorker.run(SuiteRunnerWorker.java:96)
at org.testng.TestNG.runSuitesSequentially(TestNG.java:1212)
at org.testng.TestNG.runSuitesLocally(TestNG.java:1134)
at org.testng.TestNG.runSuites(TestNG.java:1063)
at org.testng.TestNG.run(TestNG.java:1031)
at org.testng.remote.AbstractRemoteTestNG.run(AbstractRemoteTestNG.java:115)
at org.testng.remote.RemoteTestNG.initAndRun(RemoteTestNG.java:251)
at org.testng.remote.RemoteTestNG.main(RemoteTestNG.java:77)
]]>
    </error>
  </testcase> <!-- verifyTheUseIsAbleToUpladTheImage -->
  <system-out/>
  <testcase classname="com.obsqura.testscripts.FileUploadTest" name="verifyTheUseIsAbleToUpladTheImage" time="96.533">
    <skipped/>
  </testcase> <!-- verifyTheUseIsAbleToUpladTheImage -->
  <system-out/>
</testsuite> <!-- com.obsqura.testscripts.FileUploadTest -->
